cn40-l40.prajna.iitb.ac.in
Wed Nov 12 04:38:09 2025       
+-----------------------------------------------------------------------------------------+
| NVIDIA-SMI 570.86.15              Driver Version: 570.86.15      CUDA Version: 12.8     |
|-----------------------------------------+------------------------+----------------------+
| GPU  Name                 Persistence-M | Bus-Id          Disp.A | Volatile Uncorr. ECC |
| Fan  Temp   Perf          Pwr:Usage/Cap |           Memory-Usage | GPU-Util  Compute M. |
|                                         |                        |               MIG M. |
|=========================================+========================+======================|
|   0  NVIDIA L40S                    Off |   00000000:2C:00.0 Off |                    0 |
| N/A   41C    P0             86W /  350W |       1MiB /  46068MiB |      0%      Default |
|                                         |                        |                  N/A |
+-----------------------------------------+------------------------+----------------------+
|   1  NVIDIA L40S                    Off |   00000000:2D:00.0 Off |                    0 |
| N/A   39C    P0             84W /  350W |       1MiB /  46068MiB |      0%      Default |
|                                         |                        |                  N/A |
+-----------------------------------------+------------------------+----------------------+
|   2  NVIDIA L40S                    Off |   00000000:3F:00.0 Off |                    0 |
| N/A   39C    P0             88W /  350W |       1MiB /  46068MiB |      1%      Default |
|                                         |                        |                  N/A |
+-----------------------------------------+------------------------+----------------------+
|   3  NVIDIA L40S                    Off |   00000000:40:00.0 Off |                    0 |
| N/A   41C    P0             84W /  350W |       1MiB /  46068MiB |      0%      Default |
|                                         |                        |                  N/A |
+-----------------------------------------+------------------------+----------------------+
                                                                                         
+-----------------------------------------------------------------------------------------+
| Processes:                                                                              |
|  GPU   GI   CI              PID   Type   Process name                        GPU Memory |
|        ID   ID                                                               Usage      |
|=========================================================================================|
|  No running processes found                                                             |
+-----------------------------------------------------------------------------------------+
Installing packages from wheels...
Looking in links: wheels/
Processing ./wheels/torch-2.9.0-cp313-cp313-manylinux_2_28_x86_64.whl
Processing ./wheels/transformers-4.57.1-py3-none-any.whl
Processing ./wheels/jieba-0.42.1.tar.gz
  Preparing metadata (setup.py): started
  Preparing metadata (setup.py): finished with status 'done'
Processing ./wheels/nltk-3.9.2-py3-none-any.whl
Processing ./wheels/tensorboardx-2.6.4-py3-none-any.whl
Requirement already satisfied: tqdm in /home/compiling-ganesh/24m0797/miniconda3/lib/python3.13/site-packages (4.67.1)
Requirement already satisfied: filelock in /home/compiling-ganesh/24m0797/miniconda3/lib/python3.13/site-packages (from torch) (3.20.0)
Requirement already satisfied: typing-extensions>=4.10.0 in /home/compiling-ganesh/24m0797/miniconda3/lib/python3.13/site-packages (from torch) (4.12.2)
Requirement already satisfied: setuptools in /home/compiling-ganesh/24m0797/miniconda3/lib/python3.13/site-packages (from torch) (78.1.1)
Processing ./wheels/sympy-1.14.0-py3-none-any.whl (from torch)
Processing ./wheels/networkx-3.5-py3-none-any.whl (from torch)
Processing ./wheels/jinja2-3.1.6-py3-none-any.whl (from torch)
Processing ./wheels/fsspec-2025.10.0-py3-none-any.whl (from torch)
Processing ./wheels/nvidia_cuda_nvrtc_cu12-12.8.93-py3-none-manylinux2010_x86_64.manylinux_2_12_x86_64.whl (from torch)
Processing ./wheels/nvidia_cuda_runtime_cu12-12.8.90-py3-none-manylinux2014_x86_64.manylinux_2_17_x86_64.whl (from torch)
Processing ./wheels/nvidia_cuda_cupti_cu12-12.8.90-py3-none-manylinux2014_x86_64.manylinux_2_17_x86_64.whl (from torch)
Processing ./wheels/nvidia_cudnn_cu12-9.10.2.21-py3-none-manylinux_2_27_x86_64.whl (from torch)
Processing ./wheels/nvidia_cublas_cu12-12.8.4.1-py3-none-manylinux_2_27_x86_64.whl (from torch)
Processing ./wheels/nvidia_cufft_cu12-11.3.3.83-py3-none-manylinux2014_x86_64.manylinux_2_17_x86_64.whl (from torch)
Processing ./wheels/nvidia_curand_cu12-10.3.9.90-py3-none-manylinux_2_27_x86_64.whl (from torch)
Processing ./wheels/nvidia_cusolver_cu12-11.7.3.90-py3-none-manylinux_2_27_x86_64.whl (from torch)
Processing ./wheels/nvidia_cusparse_cu12-12.5.8.93-py3-none-manylinux2014_x86_64.manylinux_2_17_x86_64.whl (from torch)
Processing ./wheels/nvidia_cusparselt_cu12-0.7.1-py3-none-manylinux2014_x86_64.whl (from torch)
Processing ./wheels/nvidia_nccl_cu12-2.27.5-py3-none-manylinux2014_x86_64.manylinux_2_17_x86_64.whl (from torch)
Processing ./wheels/nvidia_nvshmem_cu12-3.3.20-py3-none-manylinux2014_x86_64.manylinux_2_17_x86_64.whl (from torch)
Processing ./wheels/nvidia_nvtx_cu12-12.8.90-py3-none-manylinux2014_x86_64.manylinux_2_17_x86_64.whl (from torch)
Processing ./wheels/nvidia_nvjitlink_cu12-12.8.93-py3-none-manylinux2010_x86_64.manylinux_2_12_x86_64.whl (from torch)
Processing ./wheels/nvidia_cufile_cu12-1.13.1.3-py3-none-manylinux2014_x86_64.manylinux_2_17_x86_64.whl (from torch)
Processing ./wheels/triton-3.5.0-cp313-cp313-manylinux_2_27_x86_64.manylinux_2_28_x86_64.whl (from torch)
Processing ./wheels/huggingface_hub-0.36.0-py3-none-any.whl (from transformers)
Processing ./wheels/numpy-2.3.4-cp313-cp313-manylinux_2_27_x86_64.manylinux_2_28_x86_64.whl (from transformers)
Requirement already satisfied: packaging>=20.0 in /home/compiling-ganesh/24m0797/miniconda3/lib/python3.13/site-packages (from transformers) (25.0)
Processing ./wheels/pyyaml-6.0.3-cp313-cp313-manylinux2014_x86_64.manylinux_2_17_x86_64.manylinux_2_28_x86_64.whl (from transformers)
Processing ./wheels/regex-2025.11.3-cp313-cp313-manylinux2014_x86_64.manylinux_2_17_x86_64.manylinux_2_28_x86_64.whl (from transformers)
Requirement already satisfied: requests in /home/compiling-ganesh/24m0797/miniconda3/lib/python3.13/site-packages (from transformers) (2.32.4)
Processing ./wheels/tokenizers-0.22.1-cp39-abi3-manylinux_2_17_x86_64.manylinux2014_x86_64.whl (from transformers)
Processing ./wheels/safetensors-0.6.2-cp38-abi3-manylinux_2_17_x86_64.manylinux2014_x86_64.whl (from transformers)
Processing ./wheels/hf_xet-1.2.0-cp37-abi3-manylinux_2_17_x86_64.manylinux2014_x86_64.whl (from huggingface-hub<1.0,>=0.34.0->transformers)
Requirement already satisfied: click in /home/compiling-ganesh/24m0797/miniconda3/lib/python3.13/site-packages (from nltk) (8.2.1)
Processing ./wheels/joblib-1.5.2-py3-none-any.whl (from nltk)
Processing ./wheels/protobuf-6.33.0-cp39-abi3-manylinux2014_x86_64.whl (from tensorboardX)
Processing ./wheels/mpmath-1.3.0-py3-none-any.whl (from sympy>=1.13.3->torch)
Processing ./wheels/markupsafe-3.0.3-cp313-cp313-manylinux2014_x86_64.manylinux_2_17_x86_64.manylinux_2_28_x86_64.whl (from jinja2->torch)
Requirement already satisfied: charset_normalizer<4,>=2 in /home/compiling-ganesh/24m0797/miniconda3/lib/python3.13/site-packages (from requests->transformers) (3.3.2)
Requirement already satisfied: idna<4,>=2.5 in /home/compiling-ganesh/24m0797/miniconda3/lib/python3.13/site-packages (from requests->transformers) (3.7)
Requirement already satisfied: urllib3<3,>=1.21.1 in /home/compiling-ganesh/24m0797/miniconda3/lib/python3.13/site-packages (from requests->transformers) (2.5.0)
Requirement already satisfied: certifi>=2017.4.17 in /home/compiling-ganesh/24m0797/miniconda3/lib/python3.13/site-packages (from requests->transformers) (2025.8.3)
Building wheels for collected packages: jieba
  DEPRECATION: Building 'jieba' using the legacy setup.py bdist_wheel mechanism, which will be removed in a future version. pip 25.3 will enforce this behaviour change. A possible replacement is to use the standardized build interface by setting the `--use-pep517` option, (possibly combined with `--no-build-isolation`), or adding a `pyproject.toml` file to the source tree of 'jieba'. Discussion can be found at https://github.com/pypa/pip/issues/6334
  Building wheel for jieba (setup.py): started
  Building wheel for jieba (setup.py): finished with status 'done'
  Created wheel for jieba: filename=jieba-0.42.1-py3-none-any.whl size=19314509 sha256=05fd34f456afe66c3ca9c56cd165d4840842ad40fdff20ccc69d23f3ba21c1c1
  Stored in directory: /home/compiling-ganesh/24m0797/.cache/pip/wheels/05/0f/77/5e56d0ac5f53d87b6a10f4a57ae5fa57e89806a81ae916fb51
Successfully built jieba
Installing collected packages: nvidia-cusparselt-cu12, mpmath, jieba, triton, sympy, safetensors, regex, pyyaml, protobuf, nvidia-nvtx-cu12, nvidia-nvshmem-cu12, nvidia-nvjitlink-cu12, nvidia-nccl-cu12, nvidia-curand-cu12, nvidia-cufile-cu12, nvidia-cuda-runtime-cu12, nvidia-cuda-nvrtc-cu12, nvidia-cuda-cupti-cu12, nvidia-cublas-cu12, numpy, networkx, MarkupSafe, joblib, hf-xet, fsspec, tensorboardX, nvidia-cusparse-cu12, nvidia-cufft-cu12, nvidia-cudnn-cu12, nltk, jinja2, huggingface-hub, tokenizers, nvidia-cusolver-cu12, transformers, torch


Successfully installed MarkupSafe-3.0.3 fsspec-2025.10.0 hf-xet-1.2.0 huggingface-hub-0.36.0 jieba-0.42.1 jinja2-3.1.6 joblib-1.5.2 mpmath-1.3.0 networkx-3.5 nltk-3.9.2 numpy-2.3.4 nvidia-cublas-cu12-12.8.4.1 nvidia-cuda-cupti-cu12-12.8.90 nvidia-cuda-nvrtc-cu12-12.8.93 nvidia-cuda-runtime-cu12-12.8.90 nvidia-cudnn-cu12-9.10.2.21 nvidia-cufft-cu12-11.3.3.83 nvidia-cufile-cu12-1.13.1.3 nvidia-curand-cu12-10.3.9.90 nvidia-cusolver-cu12-11.7.3.90 nvidia-cusparse-cu12-12.5.8.93 nvidia-cusparselt-cu12-0.7.1 nvidia-nccl-cu12-2.27.5 nvidia-nvjitlink-cu12-12.8.93 nvidia-nvshmem-cu12-3.3.20 nvidia-nvtx-cu12-12.8.90 protobuf-6.33.0 pyyaml-6.0.3 regex-2025.11.3 safetensors-0.6.2 sympy-1.14.0 tensorboardX-2.6.4 tokenizers-0.22.1 torch-2.9.0 transformers-4.57.1 triton-3.5.0
✅ sshd started in background on port 4422
Node: cn40-l40.prajna.iitb.ac.in
Waiting for SSH connections...
