cn40-l40.prajna.iitb.ac.in
Wed Nov 12 04:37:05 2025       
+-----------------------------------------------------------------------------------------+
| NVIDIA-SMI 570.86.15              Driver Version: 570.86.15      CUDA Version: 12.8     |
|-----------------------------------------+------------------------+----------------------+
| GPU  Name                 Persistence-M | Bus-Id          Disp.A | Volatile Uncorr. ECC |
| Fan  Temp   Perf          Pwr:Usage/Cap |           Memory-Usage | GPU-Util  Compute M. |
|                                         |                        |               MIG M. |
|=========================================+========================+======================|
|   0  NVIDIA L40S                    Off |   00000000:2C:00.0 Off |                    0 |
| N/A   41C    P0             86W /  350W |       1MiB /  46068MiB |      0%      Default |
|                                         |                        |                  N/A |
+-----------------------------------------+------------------------+----------------------+
|   1  NVIDIA L40S                    Off |   00000000:2D:00.0 Off |                    0 |
| N/A   39C    P0             85W /  350W |       1MiB /  46068MiB |      0%      Default |
|                                         |                        |                  N/A |
+-----------------------------------------+------------------------+----------------------+
|   2  NVIDIA L40S                    Off |   00000000:3F:00.0 Off |                    0 |
| N/A   39C    P0             86W /  350W |       1MiB /  46068MiB |      0%      Default |
|                                         |                        |                  N/A |
+-----------------------------------------+------------------------+----------------------+
|   3  NVIDIA L40S                    Off |   00000000:40:00.0 Off |                    0 |
| N/A   40C    P0             85W /  350W |       1MiB /  46068MiB |      1%      Default |
|                                         |                        |                  N/A |
+-----------------------------------------+------------------------+----------------------+
                                                                                         
+-----------------------------------------------------------------------------------------+
| Processes:                                                                              |
|  GPU   GI   CI              PID   Type   Process name                        GPU Memory |
|        ID   ID                                                               Usage      |
|=========================================================================================|
|  No running processes found                                                             |
+-----------------------------------------------------------------------------------------+
✅ sshd started in background on port 4422
/scratch/slurm_conf/spool/slurm/d/job36509/slurm_script: line 18: cd: workspace/LayoutDIT/: No such file or directory
no change     /home/compiling-ganesh/24m0797/miniconda3/condabin/conda
no change     /home/compiling-ganesh/24m0797/miniconda3/bin/conda
no change     /home/compiling-ganesh/24m0797/miniconda3/bin/conda-env
no change     /home/compiling-ganesh/24m0797/miniconda3/bin/activate
no change     /home/compiling-ganesh/24m0797/miniconda3/bin/deactivate
no change     /home/compiling-ganesh/24m0797/miniconda3/etc/profile.d/conda.sh
no change     /home/compiling-ganesh/24m0797/miniconda3/etc/fish/conf.d/conda.fish
no change     /home/compiling-ganesh/24m0797/miniconda3/shell/condabin/Conda.psm1
no change     /home/compiling-ganesh/24m0797/miniconda3/shell/condabin/conda-hook.ps1
no change     /home/compiling-ganesh/24m0797/miniconda3/lib/python3.13/site-packages/xontrib/conda.xsh
no change     /home/compiling-ganesh/24m0797/miniconda3/etc/profile.d/conda.csh
no change     /home/compiling-ganesh/24m0797/.bashrc
No action taken.

CondaError: Run 'conda init' before 'conda activate'

scripts/setup_dgx.sh: line 3: .venv/bin/activate: No such file or directory
/scratch/slurm_conf/spool/slurm/d/job36509/slurm_script: line 20: jupyter: command not found
